#
# A fatal error has been detected by the Java Runtime Environment:
#
#  EXCEPTION_ACCESS_VIOLATION (0xc0000005) at pc=0x00007fffd6dac530, pid=11808, tid=0x00000000000044c4
#
# JRE version: Java(TM) SE Runtime Environment (8.0_201-b09) (build 1.8.0_201-b09)
# Java VM: Java HotSpot(TM) 64-Bit Server VM (25.201-b09 mixed mode windows-amd64 compressed oops)
# Problematic frame:
# C  [lwjgl.dll+0x1c530]
#
# Failed to write core dump. Minidumps are not enabled by default on client versions of Windows
#
# If you would like to submit a bug report, please visit:
#   http://bugreport.java.com/bugreport/crash.jsp
# The crash happened outside the Java Virtual Machine in native code.
# See problematic frame for where to report the bug.
#

---------------  T H R E A D  ---------------

Current thread (0x0000000019c6f000):  JavaThread "game" [_thread_in_native, id=17604, stack(0x000000001aab0000,0x000000001abb0000)]

siginfo: ExceptionCode=0xc0000005, reading address 0x000000001c230020

Registers:
RAX=0x00007fffd6da99d0, RBX=0x0000000016f3f2e8, RCX=0x000000001c230000, RDX=0x000000001abaed60
RSP=0x000000001abaecd8, RBP=0x000000001abaed50, RSI=0x0000000000000108, RDI=0x000000000000004d
R8 =0x000000001c230000, R9 =0x00000000d6ecf548, R10=0x00000000028b8c3b, R11=0x0000000076abcd40
R12=0x0000000000000000, R13=0x0000000016f3f2e8, R14=0x000000001abaed78, R15=0x0000000019c6f000
RIP=0x00007fffd6dac530, EFLAGS=0x0000000000010206

Top of Stack: (sp=0x000000001abaecd8)
0x000000001abaecd8:   00000000028b8c67 0000000019c6f000
0x000000001abaece8:   0000000000a9b730 0000000000000001
0x000000001abaecf8:   00007fffff1a7ba8 0000000000000000
0x000000001abaed08:   0000000000a7d760 000000001abaed10
0x000000001abaed18:   0000000000000000 000000001abaed78
0x000000001abaed28:   0000000016f40bb0 0000000000000000
0x000000001abaed38:   0000000016f3f2e8 0000000000000000
0x000000001abaed48:   000000001abaed70 000000001abaedc0
0x000000001abaed58:   00000000028a7e70 00000000d71b7ae8
0x000000001abaed68:   00000000028b21d7 000000001c230000
0x000000001abaed78:   0000000000000001 000000001abaed80
0x000000001abaed88:   0000000016f3f38c 000000001abaedd8
0x000000001abaed98:   0000000016f40bb0 0000000000000000
0x000000001abaeda8:   0000000016f3f3b8 000000001abaed70
0x000000001abaedb8:   000000001abaedd0 000000001abaee20
0x000000001abaedc8:   00000000028a7e70 000000001c230000 

Instructions: (pc=0x00007fffd6dac530)
0x00007fffd6dac510:   8d 41 08 49 89 00 0f b7 01 c3 cc cc cc cc cc cc
0x00007fffd6dac520:   ba 28 00 00 00 e9 e6 00 00 00 cc cc cc cc cc cc
0x00007fffd6dac530:   48 8b 41 20 c3 cc cc cc cc cc cc cc cc cc cc cc
0x00007fffd6dac540:   4c 89 41 18 4c 89 49 20 c3 cc cc cc cc cc cc cc 


Register to memory mapping:

RAX=0x00007fffd6da99d0 is an unknown value
RBX={method} {0x0000000016f3f2f0} 'ndcbGetUserData' '(J)J' in 'org/lwjgl/system/dyncall/DynCallback'
RCX=0x000000001c230000 is an unknown value
RDX=0x000000001abaed60 is pointing into the stack for thread: 0x0000000019c6f000
RSP=0x000000001abaecd8 is pointing into the stack for thread: 0x0000000019c6f000
RBP=0x000000001abaed50 is pointing into the stack for thread: 0x0000000019c6f000
RSI=0x0000000000000108 is an unknown value
RDI=0x000000000000004d is an unknown value
R8 =0x000000001c230000 is an unknown value
R9 =0x00000000d6ecf548 is an oop
java.lang.Class 
 - klass: 'java/lang/Class'
R10=0x00000000028b8c3b is at code_begin+891 in an Interpreter codelet
method entry point (kind = native)  [0x00000000028b88c0, 0x00000000028b9280]  2496 bytes
R11=0x0000000076abcd40 is an unknown value
R12=0x0000000000000000 is an unknown value
R13={method} {0x0000000016f3f2f0} 'ndcbGetUserData' '(J)J' in 'org/lwjgl/system/dyncall/DynCallback'
R14=0x000000001abaed78 is pointing into the stack for thread: 0x0000000019c6f000
R15=0x0000000019c6f000 is a thread


Stack: [0x000000001aab0000,0x000000001abb0000],  sp=0x000000001abaecd8,  free space=1019k
Native frames: (J=compiled Java code, j=interpreted, Vv=VM code, C=native code)
C  [lwjgl.dll+0x1c530]

Java frames: (J=compiled Java code, j=interpreted, Vv=VM code)
j  org.lwjgl.system.dyncall.DynCallback.ndcbGetUserData(J)J+0
j  org.lwjgl.system.dyncall.DynCallback.dcbGetUserData(J)J+12
j  org.lwjgl.system.Callback.free(J)V+12
j  org.lwjgl.system.Callback.free()V+4
j  fr.bipbipgaming.engine.io.Input.destroy()V+4
j  fr.bipbipgaming.engine.io.Window.destroy()V+4
j  fr.bipbipgaming.main.Main.run()V+26
j  java.lang.Thread.run()V+11
v  ~StubRoutines::call_stub

---------------  P R O C E S S  ---------------

Java Threads: ( => current thread )
  0x00000000027ad000 JavaThread "DestroyJavaVM" [_thread_blocked, id=14980, stack(0x00000000026a0000,0x00000000027a0000)]
=>0x0000000019c6f000 JavaThread "game" [_thread_in_native, id=17604, stack(0x000000001aab0000,0x000000001abb0000)]
  0x0000000018afb000 JavaThread "Service Thread" daemon [_thread_blocked, id=11312, stack(0x00000000190e0000,0x00000000191e0000)]
  0x0000000018aed800 JavaThread "C1 CompilerThread2" daemon [_thread_blocked, id=18268, stack(0x0000000018fe0000,0x00000000190e0000)]
  0x0000000018aeb000 JavaThread "C2 CompilerThread1" daemon [_thread_blocked, id=16532, stack(0x0000000018ee0000,0x0000000018fe0000)]
  0x000000001737b800 JavaThread "C2 CompilerThread0" daemon [_thread_blocked, id=11756, stack(0x00000000189e0000,0x0000000018ae0000)]
  0x0000000017378000 JavaThread "Attach Listener" daemon [_thread_blocked, id=17572, stack(0x00000000188e0000,0x00000000189e0000)]
  0x0000000017376800 JavaThread "Signal Dispatcher" daemon [_thread_blocked, id=13748, stack(0x00000000187e0000,0x00000000188e0000)]
  0x0000000017362800 JavaThread "Finalizer" daemon [_thread_blocked, id=18896, stack(0x00000000185c0000,0x00000000186c0000)]
  0x000000000289c000 JavaThread "Reference Handler" daemon [_thread_blocked, id=1924, stack(0x00000000184c0000,0x00000000185c0000)]

Other Threads:
  0x0000000017337800 VMThread [stack: 0x00000000183c0000,0x00000000184c0000] [id=2920]
  0x0000000018b8b000 WatcherThread [stack: 0x00000000191e0000,0x00000000192e0000] [id=14516]

VM state:not at safepoint (normal execution)

VM Mutex/Monitor currently owned by a thread: None

heap address: 0x0000000082200000, size: 2014 MB, Compressed Oops mode: 32-bit
Narrow klass base: 0x0000000000000000, Narrow klass shift: 3
Compressed class space size: 1073741824 Address: 0x0000000100000000

Heap:
 PSYoungGen      total 37888K, used 17824K [0x00000000d6100000, 0x00000000d8b00000, 0x0000000100000000)
  eden space 32768K, 54% used [0x00000000d6100000,0x00000000d72680a8,0x00000000d8100000)
  from space 5120K, 0% used [0x00000000d8600000,0x00000000d8600000,0x00000000d8b00000)
  to   space 5120K, 0% used [0x00000000d8100000,0x00000000d8100000,0x00000000d8600000)
 ParOldGen       total 86016K, used 0K [0x0000000082200000, 0x0000000087600000, 0x00000000d6100000)
  object space 86016K, 0% used [0x0000000082200000,0x0000000082200000,0x0000000087600000)
 Metaspace       used 6125K, capacity 6386K, committed 6528K, reserved 1056768K
  class space    used 667K, capacity 775K, committed 896K, reserved 1048576K

Card table byte_map: [0x0000000011c60000,0x0000000012050000] byte_map_base: 0x000000001184f000

Marking Bits: (ParMarkBitMap*) 0x00000000770b4ce0
 Begin Bits: [0x00000000126f0000, 0x0000000014668000)
 End Bits:   [0x0000000014668000, 0x00000000165e0000)

Polling page: 0x0000000000c80000

CodeCache: size=245760Kb used=2877Kb max_used=2877Kb free=242882Kb
 bounds [0x00000000028a0000, 0x0000000002b80000, 0x00000000118a0000]
 total_blobs=1390 nmethods=608 adapters=695
 compilation: enabled

Compilation events (10 events):
Event: 0.844 Thread 0x0000000018aed800  602       3       java.lang.ClassLoader::loadClass (7 bytes)
Event: 0.844 Thread 0x0000000018aed800 nmethod 602 0x0000000002b6bc10 code [0x0000000002b6bd80, 0x0000000002b6bfa8]
Event: 1.835 Thread 0x0000000018aed800  603       3       java.util.zip.ZipEntry::setExtra0 (360 bytes)
Event: 1.836 Thread 0x0000000018aed800 nmethod 603 0x0000000002b6c450 code [0x0000000002b6c700, 0x0000000002b6d408]
Event: 1.836 Thread 0x0000000018aed800  605       3       sun.misc.Launcher$AppClassLoader::loadClass (85 bytes)
Event: 1.837 Thread 0x0000000018aed800 nmethod 605 0x0000000002b6df90 code [0x0000000002b6e1c0, 0x0000000002b6eee8]
Event: 1.837 Thread 0x0000000018aed800  606  s    3       sun.misc.URLClassPath::knownToNotExist (24 bytes)
Event: 1.837 Thread 0x0000000018aed800 nmethod 606 0x0000000002b6f390 code [0x0000000002b6f500, 0x0000000002b6f8c8]
Event: 2.563 Thread 0x0000000018aed800  608       3       org.lwjgl.system.Checks::check (16 bytes)
Event: 2.564 Thread 0x0000000018aed800 nmethod 608 0x0000000002b6fd10 code [0x0000000002b6fe80, 0x0000000002b700a8]

GC Heap History (0 events):
No events

Deoptimization events (6 events):
Event: 0.560 Thread 0x00000000027ad000 Uncommon trap: reason=class_check action=maybe_recompile pc=0x0000000002a6739c method=java.util.HashMap.getNode(ILjava/lang/Object;)Ljava/util/HashMap$Node; @ 126
Event: 0.561 Thread 0x00000000027ad000 Uncommon trap: reason=unstable_if action=reinterpret pc=0x00000000029bb638 method=java.lang.String.hashCode()I @ 14
Event: 0.562 Thread 0x00000000027ad000 Uncommon trap: reason=class_check action=maybe_recompile pc=0x0000000002a6739c method=java.util.HashMap.getNode(ILjava/lang/Object;)Ljava/util/HashMap$Node; @ 126
Event: 0.568 Thread 0x0000000019c6f000 Uncommon trap: reason=class_check action=maybe_recompile pc=0x0000000002a6739c method=java.util.HashMap.getNode(ILjava/lang/Object;)Ljava/util/HashMap$Node; @ 126
Event: 0.568 Thread 0x0000000019c6f000 Uncommon trap: reason=class_check action=maybe_recompile pc=0x0000000002a6739c method=java.util.HashMap.getNode(ILjava/lang/Object;)Ljava/util/HashMap$Node; @ 126
Event: 0.642 Thread 0x0000000019c6f000 Uncommon trap: reason=unstable_if action=reinterpret pc=0x0000000002a1e424 method=java.lang.String.indexOf([CII[CIII)I @ 134

Classes redefined (0 events):
No events

Internal exceptions (10 events):
Event: 0.658 Thread 0x0000000019c6f000 Exception <a 'java/security/PrivilegedActionException'> (0x00000000d6f67480) thrown at [C:\re\workspace\8-2-build-windows-amd64-cygwin\jdk8u201\12322\hotspot\src\share\vm\prims\jvm.cpp, line 1502]
Event: 0.658 Thread 0x0000000019c6f000 Exception <a 'java/security/PrivilegedActionException'> (0x00000000d6f67690) thrown at [C:\re\workspace\8-2-build-windows-amd64-cygwin\jdk8u201\12322\hotspot\src\share\vm\prims\jvm.cpp, line 1502]
Event: 0.659 Thread 0x0000000019c6f000 Exception <a 'java/security/PrivilegedActionException'> (0x00000000d6f6b300) thrown at [C:\re\workspace\8-2-build-windows-amd64-cygwin\jdk8u201\12322\hotspot\src\share\vm\prims\jvm.cpp, line 1502]
Event: 0.659 Thread 0x0000000019c6f000 Exception <a 'java/security/PrivilegedActionException'> (0x00000000d6f6b510) thrown at [C:\re\workspace\8-2-build-windows-amd64-cygwin\jdk8u201\12322\hotspot\src\share\vm\prims\jvm.cpp, line 1502]
Event: 0.692 Thread 0x0000000019c6f000 Exception <a 'sun/nio/fs/WindowsException'> (0x00000000d6fb7380) thrown at [C:\re\workspace\8-2-build-windows-amd64-cygwin\jdk8u201\12322\hotspot\src\share\vm\prims\jni.cpp, line 709]
Event: 0.692 Thread 0x0000000019c6f000 Exception <a 'sun/nio/fs/WindowsException'> (0x00000000d6fb7c30) thrown at [C:\re\workspace\8-2-build-windows-amd64-cygwin\jdk8u201\12322\hotspot\src\share\vm\prims\jni.cpp, line 709]
Event: 0.711 Thread 0x0000000019c6f000 Exception <a 'sun/nio/fs/WindowsException'> (0x00000000d7007890) thrown at [C:\re\workspace\8-2-build-windows-amd64-cygwin\jdk8u201\12322\hotspot\src\share\vm\prims\jni.cpp, line 709]
Event: 0.711 Thread 0x0000000019c6f000 Exception <a 'sun/nio/fs/WindowsException'> (0x00000000d7007f78) thrown at [C:\re\workspace\8-2-build-windows-amd64-cygwin\jdk8u201\12322\hotspot\src\share\vm\prims\jni.cpp, line 709]
Event: 0.841 Thread 0x0000000019c6f000 Exception <a 'sun/nio/fs/WindowsException'> (0x00000000d71978c0) thrown at [C:\re\workspace\8-2-build-windows-amd64-cygwin\jdk8u201\12322\hotspot\src\share\vm\prims\jni.cpp, line 709]
Event: 0.841 Thread 0x0000000019c6f000 Exception <a 'sun/nio/fs/WindowsException'> (0x00000000d7197ff8) thrown at [C:\re\workspace\8-2-build-windows-amd64-cygwin\jdk8u201\12322\hotspot\src\share\vm\prims\jni.cpp, line 709]

Events (10 events):
Event: 1.835 loading class org/lwjgl/glfw/GLFWVidMode
Event: 1.835 loading class org/lwjgl/glfw/GLFWVidMode done
Event: 1.835 loading class org/lwjgl/system/Struct
Event: 1.835 loading class org/lwjgl/system/Struct done
Event: 1.836 loading class org/lwjgl/system/Struct$Member
Event: 1.836 loading class org/lwjgl/system/Struct$Member done
Event: 1.836 loading class org/lwjgl/system/Struct$Layout
Event: 1.836 loading class org/lwjgl/system/Struct$Layout done
Event: 1.858 loading class org/lwjgl/glfw/EventLoop$OnScreen
Event: 1.858 loading class org/lwjgl/glfw/EventLoop$OnScreen done


Dynamic libraries:
0x00007ff712ec0000 - 0x00007ff712ef7000 	C:\Program Files\Java\jre1.8.0_201\bin\javaw.exe
0x00007fffff170000 - 0x00007fffff35d000 	C:\WINDOWS\SYSTEM32\ntdll.dll
0x00007fffd2df0000 - 0x00007fffd2e04000 	C:\Program Files\AVG\Antivirus\aswhook.dll
0x00007ffffee30000 - 0x00007ffffeee3000 	C:\WINDOWS\System32\KERNEL32.DLL
0x00007ffffb4d0000 - 0x00007ffffb763000 	C:\WINDOWS\System32\KERNELBASE.dll
0x00007ffffc600000 - 0x00007ffffc6a3000 	C:\WINDOWS\System32\ADVAPI32.dll
0x00007ffffecd0000 - 0x00007ffffed6e000 	C:\WINDOWS\System32\msvcrt.dll
0x00007ffffed70000 - 0x00007ffffee0e000 	C:\WINDOWS\System32\sechost.dll
0x00007ffffd230000 - 0x00007ffffd352000 	C:\WINDOWS\System32\RPCRT4.dll
0x00007ffffc710000 - 0x00007ffffc8a7000 	C:\WINDOWS\System32\USER32.dll
0x00007ffffc250000 - 0x00007ffffc270000 	C:\WINDOWS\System32\win32u.dll
0x00007ffffd360000 - 0x00007ffffd389000 	C:\WINDOWS\System32\GDI32.dll
0x00007ffffb310000 - 0x00007ffffb4a9000 	C:\WINDOWS\System32\gdi32full.dll
0x00007ffffc370000 - 0x00007ffffc410000 	C:\WINDOWS\System32\msvcp_win.dll
0x00007ffffc0d0000 - 0x00007ffffc1ca000 	C:\WINDOWS\System32\ucrtbase.dll
0x00007ffff2070000 - 0x00007ffff22e9000 	C:\WINDOWS\WinSxS\amd64_microsoft.windows.common-controls_6595b64144ccf1df_6.0.17763.802_none_05b1445c0722d2cc\COMCTL32.dll
0x00007ffffca80000 - 0x00007ffffcdac000 	C:\WINDOWS\System32\combase.dll
0x00007ffffc1d0000 - 0x00007ffffc24e000 	C:\WINDOWS\System32\bcryptPrimitives.dll
0x00007ffffeef0000 - 0x00007ffffef1e000 	C:\WINDOWS\System32\IMM32.DLL
0x0000000050560000 - 0x0000000050631000 	C:\Program Files\Java\jre1.8.0_201\bin\msvcr100.dll
0x0000000076890000 - 0x0000000077134000 	C:\Program Files\Java\jre1.8.0_201\bin\server\jvm.dll
0x00007fffff050000 - 0x00007fffff058000 	C:\WINDOWS\System32\PSAPI.DLL
0x00007fffeb700000 - 0x00007fffeb709000 	C:\WINDOWS\SYSTEM32\WSOCK32.dll
0x00007ffffd5b0000 - 0x00007ffffd61d000 	C:\WINDOWS\System32\WS2_32.dll
0x00007ffff7c10000 - 0x00007ffff7c34000 	C:\WINDOWS\SYSTEM32\WINMM.dll
0x00007ffff71b0000 - 0x00007ffff71ba000 	C:\WINDOWS\SYSTEM32\VERSION.dll
0x00007ffff7be0000 - 0x00007ffff7c0d000 	C:\WINDOWS\SYSTEM32\WINMMBASE.dll
0x00007ffffc270000 - 0x00007ffffc2ba000 	C:\WINDOWS\System32\cfgmgr32.dll
0x00007ffff7c50000 - 0x00007ffff7c5f000 	C:\Program Files\Java\jre1.8.0_201\bin\verify.dll
0x00007ffff34c0000 - 0x00007ffff34e9000 	C:\Program Files\Java\jre1.8.0_201\bin\java.dll
0x00007ffff71f0000 - 0x00007ffff7206000 	C:\Program Files\Java\jre1.8.0_201\bin\zip.dll
0x00007ffffd620000 - 0x00007ffffeb14000 	C:\WINDOWS\System32\SHELL32.dll
0x00007ffffc550000 - 0x00007ffffc5f8000 	C:\WINDOWS\System32\shcore.dll
0x00007ffffb7a0000 - 0x00007ffffbeed000 	C:\WINDOWS\System32\windows.storage.dll
0x00007ffffb260000 - 0x00007ffffb284000 	C:\WINDOWS\System32\profapi.dll
0x00007ffffb290000 - 0x00007ffffb2ed000 	C:\WINDOWS\System32\powrprof.dll
0x00007ffffc6b0000 - 0x00007ffffc702000 	C:\WINDOWS\System32\shlwapi.dll
0x00007ffffb240000 - 0x00007ffffb251000 	C:\WINDOWS\System32\kernel.appcore.dll
0x00007ffffb4b0000 - 0x00007ffffb4c7000 	C:\WINDOWS\System32\cryptsp.dll
0x00007ffff5760000 - 0x00007ffff577a000 	C:\Program Files\Java\jre1.8.0_201\bin\net.dll
0x00007fffebc70000 - 0x00007fffebe47000 	C:\WINDOWS\SYSTEM32\urlmon.dll
0x00007fffe8890000 - 0x00007fffe8b38000 	C:\WINDOWS\SYSTEM32\iertutil.dll
0x00007ffffac80000 - 0x00007ffffac8c000 	C:\WINDOWS\SYSTEM32\CRYPTBASE.DLL
0x00007ffffaab0000 - 0x00007ffffab17000 	C:\WINDOWS\system32\mswsock.dll
0x00007ffff5610000 - 0x00007ffff5621000 	C:\Program Files\Java\jre1.8.0_201\bin\nio.dll
0x00007fffd6d90000 - 0x00007fffd6df4000 	C:\Users\bipbi\AppData\Local\Temp\lwjglromain\3.2.3-build-13\lwjgl.dll
0x00007fffcf9d0000 - 0x00007fffcfa32000 	C:\Users\bipbi\AppData\Local\Temp\lwjglromain\3.2.3-build-13\glfw.dll
0x00007ffff9630000 - 0x00007ffff96cc000 	C:\WINDOWS\system32\uxtheme.dll
0x00007ffffaea0000 - 0x00007ffffaec9000 	C:\WINDOWS\SYSTEM32\DEVOBJ.dll
0x00007ffff98e0000 - 0x00007ffff990e000 	C:\WINDOWS\SYSTEM32\dwmapi.dll
0x00007ffffbef0000 - 0x00007ffffc0cb000 	C:\WINDOWS\System32\CRYPT32.dll
0x00007ffffb2f0000 - 0x00007ffffb302000 	C:\WINDOWS\System32\MSASN1.dll
0x00007fffea5f0000 - 0x00007fffea6bc000 	C:\WINDOWS\SYSTEM32\inputhost.dll
0x00007ffff9030000 - 0x00007ffff9112000 	C:\WINDOWS\SYSTEM32\CoreMessaging.dll
0x00007ffff99c0000 - 0x00007ffff9bcd000 	C:\WINDOWS\SYSTEM32\twinapi.appcore.dll
0x00007ffff6730000 - 0x00007ffff6a52000 	C:\WINDOWS\SYSTEM32\CoreUIComponents.dll
0x00007ffff88a0000 - 0x00007ffff8e5e000 	C:\WINDOWS\SYSTEM32\d2d1.dll
0x00007ffff8620000 - 0x00007ffff889e000 	C:\WINDOWS\SYSTEM32\d3d11.dll
0x00007ffff77c0000 - 0x00007ffff7969000 	C:\WINDOWS\SYSTEM32\PROPSYS.dll
0x00007ffffc470000 - 0x00007ffffc534000 	C:\WINDOWS\System32\OLEAUT32.dll
0x00007ffff6f40000 - 0x00007ffff7093000 	C:\WINDOWS\SYSTEM32\wintypes.dll
0x00007ffff9bf0000 - 0x00007ffff9c18000 	C:\WINDOWS\SYSTEM32\RMCLIENT.dll
0x00007ffffa2b0000 - 0x00007ffffa2e1000 	C:\WINDOWS\SYSTEM32\ntmarta.dll
0x00007ffffa040000 - 0x00007ffffa102000 	C:\WINDOWS\SYSTEM32\dxgi.dll
0x00007ffffc910000 - 0x00007ffffca7b000 	C:\WINDOWS\System32\MSCTF.dll
0x00007ffffcdb0000 - 0x00007ffffd226000 	C:\WINDOWS\System32\SETUPAPI.DLL
0x00007ffffb770000 - 0x00007ffffb796000 	C:\WINDOWS\System32\bcrypt.dll
0x00007ffffc410000 - 0x00007ffffc469000 	C:\WINDOWS\System32\WINTRUST.dll
0x00007fffc07b0000 - 0x00007fffc0a03000 	C:\Users\bipbi\AppData\Local\Temp\lwjglromain\3.2.3-build-13\jemalloc.dll
0x00007fffc5570000 - 0x00007fffc5697000 	C:\WINDOWS\SYSTEM32\opengl32.dll
0x00007fffe0c80000 - 0x00007fffe0cac000 	C:\WINDOWS\SYSTEM32\GLU32.dll
0x0000000074140000 - 0x000000007688d000 	C:\WINDOWS\System32\DriverStore\FileRepository\nvaci.inf_amd64_7f41d5c2abbbcc03\nvoglv64.dll
0x00007ffffd390000 - 0x00007ffffd4e5000 	C:\WINDOWS\System32\ole32.dll
0x00007ffff7790000 - 0x00007ffff77a3000 	C:\WINDOWS\SYSTEM32\WTSAPI32.dll
0x00007fffb94d0000 - 0x00007fffb9782000 	C:\WINDOWS\system32\nvspcap64.dll
0x00007ffffa320000 - 0x00007ffffa378000 	C:\WINDOWS\SYSTEM32\WINSTA.dll
0x00007fffbd060000 - 0x00007fffbd14e000 	C:\WINDOWS\System32\DriverStore\FileRepository\nvaci.inf_amd64_7f41d5c2abbbcc03\nvldumdx.dll
0x00007ffffee10000 - 0x00007ffffee2d000 	C:\WINDOWS\System32\imagehlp.dll
0x00007ffffa630000 - 0x00007ffffa663000 	C:\WINDOWS\system32\rsaenh.dll
0x00007fff8ebe0000 - 0x00007fff91195000 	C:\WINDOWS\System32\DriverStore\FileRepository\nvaci.inf_amd64_7f41d5c2abbbcc03\nvwgf2umx.dll
0x00007ffff3ad0000 - 0x00007ffff3fdb000 	C:\WINDOWS\system32\nvapi64.dll
0x00007ffff3a20000 - 0x00007ffff3acd000 	C:\WINDOWS\SYSTEM32\mscms.dll
0x00007ffffb170000 - 0x00007ffffb198000 	C:\WINDOWS\SYSTEM32\USERENV.dll
0x00007ffff39f0000 - 0x00007ffff3a00000 	C:\WINDOWS\SYSTEM32\ColorAdapterClient.dll
0x00007fffea6c0000 - 0x00007fffea755000 	C:\WINDOWS\System32\TextInputFramework.dll
0x00007ffff4670000 - 0x00007ffff485d000 	C:\WINDOWS\SYSTEM32\dbghelp.dll

VM Arguments:
jvm_args: -Dfile.encoding=UTF-8 
java_command: fr.bipbipgaming.main.Main
java_class_path (initial): C:\Users\bipbi\Desktop\jeu lwjgl\lwgjl-release-3.2.3\lwjgl.jar;C:\Users\bipbi\Desktop\jeu lwjgl\lwgjl-release-3.2.3\lwjgl-assimp.jar;C:\Users\bipbi\Desktop\jeu lwjgl\lwgjl-release-3.2.3\lwjgl-assimp-javadoc.jar;C:\Users\bipbi\Desktop\jeu lwjgl\lwgjl-release-3.2.3\lwjgl-assimp-natives-linux.jar;C:\Users\bipbi\Desktop\jeu lwjgl\lwgjl-release-3.2.3\lwjgl-assimp-natives-linux-arm32.jar;C:\Users\bipbi\Desktop\jeu lwjgl\lwgjl-release-3.2.3\lwjgl-assimp-natives-linux-arm64.jar;C:\Users\bipbi\Desktop\jeu lwjgl\lwgjl-release-3.2.3\lwjgl-assimp-natives-macos.jar;C:\Users\bipbi\Desktop\jeu lwjgl\lwgjl-release-3.2.3\lwjgl-assimp-natives-windows.jar;C:\Users\bipbi\Desktop\jeu lwjgl\lwgjl-release-3.2.3\lwjgl-assimp-natives-windows-x86.jar;C:\Users\bipbi\Desktop\jeu lwjgl\lwgjl-release-3.2.3\lwjgl-assimp-sources.jar;C:\Users\bipbi\Desktop\jeu lwjgl\lwgjl-release-3.2.3\lwjgl-bgfx.jar;C:\Users\bipbi\Desktop\jeu lwjgl\lwgjl-release-3.2.3\lwjgl-bgfx-javadoc.jar;C:\Users\bipbi\Desktop\jeu lwjgl\lwgjl-release-3.2.3\lwjgl-bgfx-natives-linux.jar;C:\Users\bipbi\Desktop\jeu lwjgl\lwgjl-release-3.2.3\lwjgl-bgfx-natives-linux-arm32.jar;C:\Users\bipbi\Desktop\jeu lwjgl\lwgjl-release-3.2.3\lwjgl-bgfx-natives-linux-arm64.jar;C:\Users\bipbi\Desktop\jeu lwjgl\lwgjl-release-3.2.3\lwjgl-bgfx-natives-macos.jar;C:\Users\bipbi\Desktop\jeu lwjgl\lwgjl-release-3.2.3\lwjgl-bgfx-natives-windows.jar;C:\Users\bipbi\Desktop\jeu lwjgl\lwgjl-release-3.2.3\lwjgl-bgfx-natives-windows-x86.jar;C:\Users\bipbi\Desktop\jeu lwjgl\lwgjl-release-3.2.3\lwjgl-bgfx-sources.jar;C:\Users\bipbi\Desktop\jeu lwjgl\lwgjl-release-3.2.3\lwjgl-cuda.jar;C:\Users\bipbi\Desktop\jeu lwjgl\lwgjl-release-3.2.3\lwjgl-cuda-javadoc.jar;C:\Users\bipbi\Desktop\jeu lwjgl\lwgjl-release-3.2.3\lwjgl-cuda-sources.jar;C:\Users\bipbi\Desktop\jeu lwjgl\lwgjl-release-3.2.3\lwjgl-egl.jar;C:\Users\bipbi\Desktop\jeu lwjgl\lwgjl-release-3.2.3\lwjgl-egl-javadoc.jar;C:\Users\bipbi\Desktop\jeu lwjgl\lwgjl-release-3.2.3\lwjgl-egl-s
Launcher Type: SUN_STANDARD

Environment Variables:
JAVA_HOME=C:\Users\bipbi\AppData\Local\Programs\AdoptOpenJDK\
PATH=C:/Program Files/Java/jre1.8.0_201/bin/server;C:/Program Files/Java/jre1.8.0_201/bin;C:/Program Files/Java/jre1.8.0_201/lib/amd64;C:\Program Files (x86)\Common Files\Oracle\Java\javapath;C:\Program Files (x86)\Intel\iCLS Client\;C:\Program Files\Intel\iCLS Client\;C:\Windows\system32;C:\Windows;C:\Windows\System32\Wbem;C:\Windows\System32\WindowsPowerShell\v1.0\;C:\Program Files (x86)\Intel\Intel(R) Management Engine Components\DAL;C:\Program Files\Intel\Intel(R) Management Engine Components\DAL;C:\Program Files (x86)\Intel\Intel(R) Management Engine Components\IPT;C:\Program Files\Intel\Intel(R) Management Engine Components\IPT;C:\Program Files (x86)\NVIDIA Corporation\PhysX\Common;C:\WINDOWS\system32;C:\WINDOWS;C:\WINDOWS\System32\Wbem;C:\WINDOWS\System32\WindowsPowerShell\v1.0\;C:\Program Files\PuTTY\;C:\WINDOWS\System32\OpenSSH\;C:\Program Files\NVIDIA Corporation\NVIDIA NvDLISR;C:\Program Files\Git\cmd;C:\Program Files\CMake\bin;C:\Users\bipbi\AppData\Local\Programs\AdoptOpenJDK\bin;C:\Users\bipbi\AppData\Local\Microsoft\WindowsApps;;C:\Users\bipbi\AppData\Local\Programs\Microsoft VS Code\bin;C:\Users\bipbi\Desktop\test crer un jeu java\eclipse;
USERNAME=romain
OS=Windows_NT
PROCESSOR_IDENTIFIER=Intel64 Family 6 Model 94 Stepping 3, GenuineIntel



---------------  S Y S T E M  ---------------

OS: Windows 10.0 , 64 bit Build 17763 (10.0.17763.475)

CPU:total 4 (initial active 4) (4 cores per cpu, 1 threads per core) family 6 model 94 stepping 3, cmov, cx8, fxsr, mmx, sse, sse2, sse3, ssse3, sse4.1, sse4.2, popcnt, avx, avx2, aes, clmul, erms, rtm, 3dnowpref, lzcnt, tsc, tscinvbit, bmi1, bmi2, adx

Memory: 4k page, physical 8243804k(2916736k free), swap 15511896k(5065692k free)

vm_info: Java HotSpot(TM) 64-Bit Server VM (25.201-b09) for windows-amd64 JRE (1.8.0_201-b09), built on Dec 15 2018 18:36:39 by "java_re" with MS VC++ 10.0 (VS2010)

time: Fri Nov 08 21:50:28 2019
timezone: Paris, Madrid
elapsed time: 3 seconds (0d 0h 0m 3s)

