#
# A fatal error has been detected by the Java Runtime Environment:
#
#  EXCEPTION_ACCESS_VIOLATION (0xc0000005) at pc=0x0000000074b1aa37, pid=18892, tid=0x0000000000001ec0
#
# JRE version: Java(TM) SE Runtime Environment (8.0_201-b09) (build 1.8.0_201-b09)
# Java VM: Java HotSpot(TM) 64-Bit Server VM (25.201-b09 mixed mode windows-amd64 compressed oops)
# Problematic frame:
# C  [nvoglv64.dll+0x9daa37]
#
# Failed to write core dump. Minidumps are not enabled by default on client versions of Windows
#
# If you would like to submit a bug report, please visit:
#   http://bugreport.java.com/bugreport/crash.jsp
# The crash happened outside the Java Virtual Machine in native code.
# See problematic frame for where to report the bug.
#

---------------  T H R E A D  ---------------

Current thread (0x0000000019b81000):  JavaThread "game" [_thread_in_native, id=7872, stack(0x000000001ac00000,0x000000001ad00000)]

siginfo: ExceptionCode=0xc0000005, reading address 0x0000000000000000

Registers:
RAX=0x0000000000000023, RBX=0x0000000000000000, RCX=0x0000000000000000, RDX=0x00000388a9ffdab2
RSP=0x000000001acff100, RBP=0x000000001c805080, RSI=0x0000000000000024, RDI=0x0000000000000024
R8 =0x0000000000000027, R9 =0x0000000000000000, R10=0x00000000546c6148, R11=0x000003e2645f89e2
R12=0x0000000000000000, R13=0x0000000000000023, R14=0x0000000000000000, R15=0x0000000000001405
RIP=0x0000000074b1aa37, EFLAGS=0x0000000000010246

Top of Stack: (sp=0x000000001acff100)
0x000000001acff100:   0000000000000004 0000000000000000
0x000000001acff110:   0000000000000000 0000000019b81000
0x000000001acff120:   0000000000000000 000000001acff300
0x000000001acff130:   0000000000000000 0000000000000000
0x000000001acff140:   000000001acff200 0000000000000000
0x000000001acff150:   000000001c805e18 00007fffd380c550
0x000000001acff160:   0000000000001405 0000000019b81000
0x000000001acff170:   0000000000000000 0000000000000004
0x000000001acff180:   000000001c805080 000000001acff2c0
0x000000001acff190:   0000000000000000 00000000747a8226
0x000000001acff1a0:   0000000019a53b60 0000000000000004
0x000000001acff1b0:   0000000000000024 0000000018e78b60
0x000000001acff1c0:   0000000000000024 0000000000000090
0x000000001acff1d0:   0000000000000000 0000000000000000
0x000000001acff1e0:   000000002812ca00 0000000019b81000
0x000000001acff1f0:   00000000029e835d 00000000029f8ad7 

Instructions: (pc=0x0000000074b1aa37)
0x0000000074b1aa17:   89 6c 24 60 e8 90 29 e7 ff 41 81 ff 05 14 00 00
0x0000000074b1aa27:   75 20 48 8b 9c 24 d0 00 00 00 8d 47 ff 4c 63 e8
0x0000000074b1aa37:   8b 0b 42 8b 04 ab 3b c8 8b f0 0f 47 f1 0f 42 c1
0x0000000074b1aa47:   eb 6e 41 81 ff 03 14 00 00 75 2c 48 8b 9c 24 d0 


Register to memory mapping:

RAX=0x0000000000000023 is an unknown value
RBX=0x0000000000000000 is an unknown value
RCX=0x0000000000000000 is an unknown value
RDX=0x00000388a9ffdab2 is an unknown value
RSP=0x000000001acff100 is pointing into the stack for thread: 0x0000000019b81000
RBP=0x000000001c805080 is an unknown value
RSI=0x0000000000000024 is an unknown value
RDI=0x0000000000000024 is an unknown value
R8 =0x0000000000000027 is an unknown value
R9 =0x0000000000000000 is an unknown value
R10=0x00000000546c6148 is an unknown value
R11=0x000003e2645f89e2 is an unknown value
R12=0x0000000000000000 is an unknown value
R13=0x0000000000000023 is an unknown value
R14=0x0000000000000000 is an unknown value
R15=0x0000000000001405 is an unknown value


Stack: [0x000000001ac00000,0x000000001ad00000],  sp=0x000000001acff100,  free space=1020k
Native frames: (J=compiled Java code, j=interpreted, Vv=VM code, C=native code)
C  [nvoglv64.dll+0x9daa37]
C  [nvoglv64.dll+0x668226]
C  0x00000000029f8c67

Java frames: (J=compiled Java code, j=interpreted, Vv=VM code)
j  org.lwjgl.opengl.GL11C.nglDrawElements(IIIJ)V+0
j  org.lwjgl.opengl.GL11C.glDrawElements(IIIJ)V+4
j  org.lwjgl.opengl.GL11.glDrawElements(IIIJ)V+4
j  fr.bipbipgaming.engine.graphics.Renderer.renderMesh(Lfr/bipbipgaming/engine/objects/GameObject;Lfr/bipbipgaming/engine/objects/Camera;)V+135
j  fr.bipbipgaming.main.Main.render()V+14
j  fr.bipbipgaming.main.Main.run()V+11
j  java.lang.Thread.run()V+11
v  ~StubRoutines::call_stub

---------------  P R O C E S S  ---------------

Java Threads: ( => current thread )
  0x00000000028ed000 JavaThread "DestroyJavaVM" [_thread_blocked, id=20340, stack(0x00000000027e0000,0x00000000028e0000)]
=>0x0000000019b81000 JavaThread "game" [_thread_in_native, id=7872, stack(0x000000001ac00000,0x000000001ad00000)]
  0x0000000018e65000 JavaThread "Service Thread" daemon [_thread_blocked, id=17132, stack(0x0000000019230000,0x0000000019330000)]
  0x00000000174d0800 JavaThread "C1 CompilerThread2" daemon [_thread_blocked, id=12204, stack(0x0000000018d30000,0x0000000018e30000)]
  0x00000000174c5800 JavaThread "C2 CompilerThread1" daemon [_thread_blocked, id=6528, stack(0x0000000018c30000,0x0000000018d30000)]
  0x00000000174bf000 JavaThread "C2 CompilerThread0" daemon [_thread_blocked, id=17504, stack(0x0000000018b30000,0x0000000018c30000)]
  0x00000000174ba800 JavaThread "Attach Listener" daemon [_thread_blocked, id=6164, stack(0x0000000018a30000,0x0000000018b30000)]
  0x00000000174b9800 JavaThread "Signal Dispatcher" daemon [_thread_blocked, id=3260, stack(0x0000000018930000,0x0000000018a30000)]
  0x00000000174a2800 JavaThread "Finalizer" daemon [_thread_blocked, id=17536, stack(0x0000000018710000,0x0000000018810000)]
  0x00000000029dc000 JavaThread "Reference Handler" daemon [_thread_blocked, id=14964, stack(0x0000000018610000,0x0000000018710000)]

Other Threads:
  0x0000000017478000 VMThread [stack: 0x0000000018510000,0x0000000018610000] [id=12996]
  0x0000000018ec5800 WatcherThread [stack: 0x0000000019330000,0x0000000019430000] [id=16320]

VM state:not at safepoint (normal execution)

VM Mutex/Monitor currently owned by a thread: None

heap address: 0x0000000082200000, size: 2014 MB, Compressed Oops mode: 32-bit
Narrow klass base: 0x0000000000000000, Narrow klass shift: 3
Compressed class space size: 1073741824 Address: 0x0000000100000000

Heap:
 PSYoungGen      total 37888K, used 9553K [0x00000000d6100000, 0x00000000d8b00000, 0x0000000100000000)
  eden space 32768K, 15% used [0x00000000d6100000,0x00000000d66036f0,0x00000000d8100000)
  from space 5120K, 86% used [0x00000000d8100000,0x00000000d8550e90,0x00000000d8600000)
  to   space 5120K, 0% used [0x00000000d8600000,0x00000000d8600000,0x00000000d8b00000)
 ParOldGen       total 86016K, used 8K [0x0000000082200000, 0x0000000087600000, 0x00000000d6100000)
  object space 86016K, 0% used [0x0000000082200000,0x0000000082202000,0x0000000087600000)
 Metaspace       used 9528K, capacity 9745K, committed 9856K, reserved 1058816K
  class space    used 781K, capacity 875K, committed 896K, reserved 1048576K

Card table byte_map: [0x0000000011da0000,0x0000000012190000] byte_map_base: 0x000000001198f000

Marking Bits: (ParMarkBitMap*) 0x00000000770b4ce0
 Begin Bits: [0x0000000012830000, 0x00000000147a8000)
 End Bits:   [0x00000000147a8000, 0x0000000016720000)

Polling page: 0x0000000000c10000

CodeCache: size=245760Kb used=3421Kb max_used=3421Kb free=242338Kb
 bounds [0x00000000029e0000, 0x0000000002d40000, 0x00000000119e0000]
 total_blobs=1704 nmethods=800 adapters=817
 compilation: enabled

Compilation events (10 events):
Event: 2.102 Thread 0x00000000174d0800  796       3       java.util.jar.JarFile::getManifest (5 bytes)
Event: 2.103 Thread 0x00000000174d0800 nmethod 796 0x0000000002d35e90 code [0x0000000002d36000, 0x0000000002d36188]
Event: 2.103 Thread 0x00000000174d0800  797       3       java.util.jar.JarFile::getManifestFromReference (117 bytes)
Event: 2.103 Thread 0x00000000174d0800 nmethod 797 0x0000000002d36210 code [0x0000000002d36460, 0x0000000002d370f8]
Event: 2.107 Thread 0x00000000174d0800  798       3       java.lang.invoke.MemberName$Factory::resolveOrFail (52 bytes)
Event: 2.108 Thread 0x00000000174d0800 nmethod 798 0x0000000002d376d0 code [0x0000000002d378a0, 0x0000000002d38178]
Event: 2.115 Thread 0x00000000174d0800  799       3       fr.bipbipgaming.engine.math.Matrix4f::get (11 bytes)
Event: 2.115 Thread 0x00000000174d0800 nmethod 799 0x0000000002d38490 code [0x0000000002d385e0, 0x0000000002d38770]
Event: 2.115 Thread 0x00000000174d0800  800       3       fr.bipbipgaming.engine.math.Matrix4f::set (12 bytes)
Event: 2.115 Thread 0x00000000174d0800 nmethod 800 0x0000000002d38850 code [0x0000000002d389a0, 0x0000000002d38b30]

GC Heap History (2 events):
Event: 2.058 GC heap before
{Heap before GC invocations=1 (full 0):
 PSYoungGen      total 37888K, used 32768K [0x00000000d6100000, 0x00000000d8b00000, 0x0000000100000000)
  eden space 32768K, 100% used [0x00000000d6100000,0x00000000d8100000,0x00000000d8100000)
  from space 5120K, 0% used [0x00000000d8600000,0x00000000d8600000,0x00000000d8b00000)
  to   space 5120K, 0% used [0x00000000d8100000,0x00000000d8100000,0x00000000d8600000)
 ParOldGen       total 86016K, used 0K [0x0000000082200000, 0x0000000087600000, 0x00000000d6100000)
  object space 86016K, 0% used [0x0000000082200000,0x0000000082200000,0x0000000087600000)
 Metaspace       used 8829K, capacity 9135K, committed 9344K, reserved 1058816K
  class space    used 750K, capacity 842K, committed 896K, reserved 1048576K
Event: 2.064 GC heap after
Heap after GC invocations=1 (full 0):
 PSYoungGen      total 37888K, used 4419K [0x00000000d6100000, 0x00000000d8b00000, 0x0000000100000000)
  eden space 32768K, 0% used [0x00000000d6100000,0x00000000d6100000,0x00000000d8100000)
  from space 5120K, 86% used [0x00000000d8100000,0x00000000d8550e90,0x00000000d8600000)
  to   space 5120K, 0% used [0x00000000d8600000,0x00000000d8600000,0x00000000d8b00000)
 ParOldGen       total 86016K, used 8K [0x0000000082200000, 0x0000000087600000, 0x00000000d6100000)
  object space 86016K, 0% used [0x0000000082200000,0x0000000082202000,0x0000000087600000)
 Metaspace       used 8829K, capacity 9135K, committed 9344K, reserved 1058816K
  class space    used 750K, capacity 842K, committed 896K, reserved 1048576K
}

Deoptimization events (10 events):
Event: 0.362 Thread 0x00000000028ed000 Uncommon trap: reason=class_check action=maybe_recompile pc=0x0000000002bab49c method=java.util.HashMap.getNode(ILjava/lang/Object;)Ljava/util/HashMap$Node; @ 126
Event: 0.376 Thread 0x0000000019b81000 Uncommon trap: reason=bimorphic action=maybe_recompile pc=0x0000000002bc0e44 method=java.util.HashMap.getNode(ILjava/lang/Object;)Ljava/util/HashMap$Node; @ 126
Event: 0.376 Thread 0x0000000019b81000 Uncommon trap: reason=bimorphic action=maybe_recompile pc=0x0000000002bc0e44 method=java.util.HashMap.getNode(ILjava/lang/Object;)Ljava/util/HashMap$Node; @ 126
Event: 0.377 Thread 0x0000000019b81000 Uncommon trap: reason=bimorphic action=maybe_recompile pc=0x0000000002bc0e44 method=java.util.HashMap.getNode(ILjava/lang/Object;)Ljava/util/HashMap$Node; @ 126
Event: 0.377 Thread 0x0000000019b81000 Uncommon trap: reason=bimorphic action=maybe_recompile pc=0x0000000002bc0e44 method=java.util.HashMap.getNode(ILjava/lang/Object;)Ljava/util/HashMap$Node; @ 126
Event: 0.380 Thread 0x0000000019b81000 Uncommon trap: reason=class_check action=maybe_recompile pc=0x0000000002bab49c method=java.util.HashMap.getNode(ILjava/lang/Object;)Ljava/util/HashMap$Node; @ 126
Event: 0.380 Thread 0x0000000019b81000 Uncommon trap: reason=class_check action=maybe_recompile pc=0x0000000002bab49c method=java.util.HashMap.getNode(ILjava/lang/Object;)Ljava/util/HashMap$Node; @ 126
Event: 0.391 Thread 0x0000000019b81000 Uncommon trap: reason=unstable_if action=reinterpret pc=0x0000000002b78ec4 method=java.io.BufferedReader.readLine(Z)Ljava/lang/String; @ 66
Event: 0.401 Thread 0x0000000019b81000 Uncommon trap: reason=unstable_if action=reinterpret pc=0x0000000002bbd874 method=java.lang.String.lastIndexOf([CII[CIII)I @ 66
Event: 0.463 Thread 0x0000000019b81000 Uncommon trap: reason=unstable_if action=reinterpret pc=0x0000000002b5ae24 method=java.lang.String.indexOf([CII[CIII)I @ 134

Classes redefined (0 events):
No events

Internal exceptions (10 events):
Event: 0.511 Thread 0x0000000019b81000 Exception <a 'sun/nio/fs/WindowsException'> (0x00000000d715abb8) thrown at [C:\re\workspace\8-2-build-windows-amd64-cygwin\jdk8u201\12322\hotspot\src\share\vm\prims\jni.cpp, line 709]
Event: 0.512 Thread 0x0000000019b81000 Exception <a 'sun/nio/fs/WindowsException'> (0x00000000d715b468) thrown at [C:\re\workspace\8-2-build-windows-amd64-cygwin\jdk8u201\12322\hotspot\src\share\vm\prims\jni.cpp, line 709]
Event: 0.530 Thread 0x0000000019b81000 Exception <a 'sun/nio/fs/WindowsException'> (0x00000000d71a9968) thrown at [C:\re\workspace\8-2-build-windows-amd64-cygwin\jdk8u201\12322\hotspot\src\share\vm\prims\jni.cpp, line 709]
Event: 0.530 Thread 0x0000000019b81000 Exception <a 'sun/nio/fs/WindowsException'> (0x00000000d71aa050) thrown at [C:\re\workspace\8-2-build-windows-amd64-cygwin\jdk8u201\12322\hotspot\src\share\vm\prims\jni.cpp, line 709]
Event: 0.671 Thread 0x0000000019b81000 Exception <a 'sun/nio/fs/WindowsException'> (0x00000000d7357ac0) thrown at [C:\re\workspace\8-2-build-windows-amd64-cygwin\jdk8u201\12322\hotspot\src\share\vm\prims\jni.cpp, line 709]
Event: 0.671 Thread 0x0000000019b81000 Exception <a 'sun/nio/fs/WindowsException'> (0x00000000d73581f8) thrown at [C:\re\workspace\8-2-build-windows-amd64-cygwin\jdk8u201\12322\hotspot\src\share\vm\prims\jni.cpp, line 709]
Event: 1.750 Thread 0x0000000019b81000 Exception <a 'sun/nio/fs/WindowsException'> (0x00000000d73fd9e8) thrown at [C:\re\workspace\8-2-build-windows-amd64-cygwin\jdk8u201\12322\hotspot\src\share\vm\prims\jni.cpp, line 709]
Event: 1.750 Thread 0x0000000019b81000 Exception <a 'sun/nio/fs/WindowsException'> (0x00000000d73fe130) thrown at [C:\re\workspace\8-2-build-windows-amd64-cygwin\jdk8u201\12322\hotspot\src\share\vm\prims\jni.cpp, line 709]
Event: 1.754 Thread 0x0000000019b81000 Exception <a 'sun/nio/fs/WindowsException'> (0x00000000d742bbc0) thrown at [C:\re\workspace\8-2-build-windows-amd64-cygwin\jdk8u201\12322\hotspot\src\share\vm\prims\jni.cpp, line 709]
Event: 1.754 Thread 0x0000000019b81000 Exception <a 'sun/nio/fs/WindowsException'> (0x00000000d742c1c0) thrown at [C:\re\workspace\8-2-build-windows-amd64-cygwin\jdk8u201\12322\hotspot\src\share\vm\prims\jni.cpp, line 709]

Events (10 events):
Event: 2.107 loading class org/lwjgl/system/APIUtil$Encoder
Event: 2.107 loading class org/lwjgl/system/APIUtil$Encoder done
Event: 2.107 loading class org/lwjgl/system/APIUtil$Encoder
Event: 2.107 loading class org/lwjgl/system/APIUtil$Encoder done
Event: 2.111 loading class fr/bipbipgaming/engine/objects/GameObject
Event: 2.111 loading class fr/bipbipgaming/engine/objects/GameObject done
Event: 2.112 loading class org/lwjgl/opengl/GL30C
Event: 2.112 loading class org/lwjgl/opengl/GL30C done
Event: 2.113 loading class org/lwjgl/opengl/GL21C
Event: 2.113 loading class org/lwjgl/opengl/GL21C done


Dynamic libraries:
0x00007ff712ec0000 - 0x00007ff712ef7000 	C:\Program Files\Java\jre1.8.0_201\bin\javaw.exe
0x00007fffff170000 - 0x00007fffff35d000 	C:\WINDOWS\SYSTEM32\ntdll.dll
0x00007fffd2df0000 - 0x00007fffd2e04000 	C:\Program Files\AVG\Antivirus\aswhook.dll
0x00007ffffee30000 - 0x00007ffffeee3000 	C:\WINDOWS\System32\KERNEL32.DLL
0x00007ffffb4d0000 - 0x00007ffffb763000 	C:\WINDOWS\System32\KERNELBASE.dll
0x00007ffffc600000 - 0x00007ffffc6a3000 	C:\WINDOWS\System32\ADVAPI32.dll
0x00007ffffecd0000 - 0x00007ffffed6e000 	C:\WINDOWS\System32\msvcrt.dll
0x00007ffffed70000 - 0x00007ffffee0e000 	C:\WINDOWS\System32\sechost.dll
0x00007ffffd230000 - 0x00007ffffd352000 	C:\WINDOWS\System32\RPCRT4.dll
0x00007ffffc710000 - 0x00007ffffc8a7000 	C:\WINDOWS\System32\USER32.dll
0x00007ffffc250000 - 0x00007ffffc270000 	C:\WINDOWS\System32\win32u.dll
0x00007ffffd360000 - 0x00007ffffd389000 	C:\WINDOWS\System32\GDI32.dll
0x00007ffffb310000 - 0x00007ffffb4a9000 	C:\WINDOWS\System32\gdi32full.dll
0x00007ffffc370000 - 0x00007ffffc410000 	C:\WINDOWS\System32\msvcp_win.dll
0x00007ffffc0d0000 - 0x00007ffffc1ca000 	C:\WINDOWS\System32\ucrtbase.dll
0x00007ffff2070000 - 0x00007ffff22e9000 	C:\WINDOWS\WinSxS\amd64_microsoft.windows.common-controls_6595b64144ccf1df_6.0.17763.802_none_05b1445c0722d2cc\COMCTL32.dll
0x00007ffffca80000 - 0x00007ffffcdac000 	C:\WINDOWS\System32\combase.dll
0x00007ffffc1d0000 - 0x00007ffffc24e000 	C:\WINDOWS\System32\bcryptPrimitives.dll
0x00007ffffeef0000 - 0x00007ffffef1e000 	C:\WINDOWS\System32\IMM32.DLL
0x0000000050480000 - 0x0000000050551000 	C:\Program Files\Java\jre1.8.0_201\bin\msvcr100.dll
0x0000000076890000 - 0x0000000077134000 	C:\Program Files\Java\jre1.8.0_201\bin\server\jvm.dll
0x00007fffff050000 - 0x00007fffff058000 	C:\WINDOWS\System32\PSAPI.DLL
0x00007fffeb700000 - 0x00007fffeb709000 	C:\WINDOWS\SYSTEM32\WSOCK32.dll
0x00007ffffd5b0000 - 0x00007ffffd61d000 	C:\WINDOWS\System32\WS2_32.dll
0x00007ffff7c10000 - 0x00007ffff7c34000 	C:\WINDOWS\SYSTEM32\WINMM.dll
0x00007ffff71b0000 - 0x00007ffff71ba000 	C:\WINDOWS\SYSTEM32\VERSION.dll
0x00007ffff7be0000 - 0x00007ffff7c0d000 	C:\WINDOWS\SYSTEM32\WINMMBASE.dll
0x00007ffffc270000 - 0x00007ffffc2ba000 	C:\WINDOWS\System32\cfgmgr32.dll
0x00007ffff7c50000 - 0x00007ffff7c5f000 	C:\Program Files\Java\jre1.8.0_201\bin\verify.dll
0x00007ffff34c0000 - 0x00007ffff34e9000 	C:\Program Files\Java\jre1.8.0_201\bin\java.dll
0x00007ffff71f0000 - 0x00007ffff7206000 	C:\Program Files\Java\jre1.8.0_201\bin\zip.dll
0x00007ffffd620000 - 0x00007ffffeb14000 	C:\WINDOWS\System32\SHELL32.dll
0x00007ffffc550000 - 0x00007ffffc5f8000 	C:\WINDOWS\System32\shcore.dll
0x00007ffffb7a0000 - 0x00007ffffbeed000 	C:\WINDOWS\System32\windows.storage.dll
0x00007ffffb260000 - 0x00007ffffb284000 	C:\WINDOWS\System32\profapi.dll
0x00007ffffb290000 - 0x00007ffffb2ed000 	C:\WINDOWS\System32\powrprof.dll
0x00007ffffc6b0000 - 0x00007ffffc702000 	C:\WINDOWS\System32\shlwapi.dll
0x00007ffffb240000 - 0x00007ffffb251000 	C:\WINDOWS\System32\kernel.appcore.dll
0x00007ffffb4b0000 - 0x00007ffffb4c7000 	C:\WINDOWS\System32\cryptsp.dll
0x00007ffff5760000 - 0x00007ffff577a000 	C:\Program Files\Java\jre1.8.0_201\bin\net.dll
0x00007fffebc70000 - 0x00007fffebe47000 	C:\WINDOWS\SYSTEM32\urlmon.dll
0x00007fffe8890000 - 0x00007fffe8b38000 	C:\WINDOWS\SYSTEM32\iertutil.dll
0x00007ffffac80000 - 0x00007ffffac8c000 	C:\WINDOWS\SYSTEM32\CRYPTBASE.DLL
0x00007ffffaab0000 - 0x00007ffffab17000 	C:\WINDOWS\system32\mswsock.dll
0x00007ffff5610000 - 0x00007ffff5621000 	C:\Program Files\Java\jre1.8.0_201\bin\nio.dll
0x00007fffd61e0000 - 0x00007fffd6244000 	C:\Users\bipbi\AppData\Local\Temp\lwjglromain\3.2.3-build-13\lwjgl.dll
0x00007fffd5f50000 - 0x00007fffd5fb2000 	C:\Users\bipbi\AppData\Local\Temp\lwjglromain\3.2.3-build-13\glfw.dll
0x00007ffff9630000 - 0x00007ffff96cc000 	C:\WINDOWS\system32\uxtheme.dll
0x00007fffd3860000 - 0x00007fffd38a4000 	C:\WINDOWS\SYSTEM32\dinput8.dll
0x00007ffff19e0000 - 0x00007ffff19f1000 	C:\WINDOWS\SYSTEM32\xinput1_4.dll
0x00007ffffaea0000 - 0x00007ffffaec9000 	C:\WINDOWS\SYSTEM32\DEVOBJ.dll
0x00007ffff98e0000 - 0x00007ffff990e000 	C:\WINDOWS\SYSTEM32\dwmapi.dll
0x00007ffffbef0000 - 0x00007ffffc0cb000 	C:\WINDOWS\System32\CRYPT32.dll
0x00007ffffb2f0000 - 0x00007ffffb302000 	C:\WINDOWS\System32\MSASN1.dll
0x00007fffea5f0000 - 0x00007fffea6bc000 	C:\WINDOWS\SYSTEM32\inputhost.dll
0x00007ffff9030000 - 0x00007ffff9112000 	C:\WINDOWS\SYSTEM32\CoreMessaging.dll
0x00007ffff99c0000 - 0x00007ffff9bcd000 	C:\WINDOWS\SYSTEM32\twinapi.appcore.dll
0x00007ffff6730000 - 0x00007ffff6a52000 	C:\WINDOWS\SYSTEM32\CoreUIComponents.dll
0x00007ffff88a0000 - 0x00007ffff8e5e000 	C:\WINDOWS\SYSTEM32\d2d1.dll
0x00007ffff8620000 - 0x00007ffff889e000 	C:\WINDOWS\SYSTEM32\d3d11.dll
0x00007ffff77c0000 - 0x00007ffff7969000 	C:\WINDOWS\SYSTEM32\PROPSYS.dll
0x00007ffffc470000 - 0x00007ffffc534000 	C:\WINDOWS\System32\OLEAUT32.dll
0x00007ffff6f40000 - 0x00007ffff7093000 	C:\WINDOWS\SYSTEM32\wintypes.dll
0x00007ffff9bf0000 - 0x00007ffff9c18000 	C:\WINDOWS\SYSTEM32\RMCLIENT.dll
0x00007ffffa2b0000 - 0x00007ffffa2e1000 	C:\WINDOWS\SYSTEM32\ntmarta.dll
0x00007ffffa040000 - 0x00007ffffa102000 	C:\WINDOWS\SYSTEM32\dxgi.dll
0x00007ffffc910000 - 0x00007ffffca7b000 	C:\WINDOWS\System32\MSCTF.dll
0x00007ffff9ec0000 - 0x00007ffff9ece000 	C:\WINDOWS\SYSTEM32\HID.DLL
0x00007ffffcdb0000 - 0x00007ffffd226000 	C:\WINDOWS\System32\SETUPAPI.DLL
0x00007ffffb770000 - 0x00007ffffb796000 	C:\WINDOWS\System32\bcrypt.dll
0x00007ffffc410000 - 0x00007ffffc469000 	C:\WINDOWS\System32\WINTRUST.dll
0x00007fffc0000000 - 0x00007fffc0253000 	C:\Users\bipbi\AppData\Local\Temp\lwjglromain\3.2.3-build-13\jemalloc.dll
0x00007fffc5e40000 - 0x00007fffc5f67000 	C:\WINDOWS\SYSTEM32\opengl32.dll
0x00007fffebed0000 - 0x00007fffebefc000 	C:\WINDOWS\SYSTEM32\GLU32.dll
0x0000000074140000 - 0x000000007688d000 	C:\WINDOWS\System32\DriverStore\FileRepository\nvaci.inf_amd64_7f41d5c2abbbcc03\nvoglv64.dll
0x00007ffffd390000 - 0x00007ffffd4e5000 	C:\WINDOWS\System32\ole32.dll
0x00007ffff7790000 - 0x00007ffff77a3000 	C:\WINDOWS\SYSTEM32\WTSAPI32.dll
0x00007fffb94d0000 - 0x00007fffb9782000 	C:\WINDOWS\system32\nvspcap64.dll
0x00007ffffa320000 - 0x00007ffffa378000 	C:\WINDOWS\SYSTEM32\WINSTA.dll
0x00007fffbd060000 - 0x00007fffbd14e000 	C:\WINDOWS\System32\DriverStore\FileRepository\nvaci.inf_amd64_7f41d5c2abbbcc03\nvldumdx.dll
0x00007ffffee10000 - 0x00007ffffee2d000 	C:\WINDOWS\System32\imagehlp.dll
0x00007ffffa630000 - 0x00007ffffa663000 	C:\WINDOWS\system32\rsaenh.dll
0x00007fff8ebe0000 - 0x00007fff91195000 	C:\WINDOWS\System32\DriverStore\FileRepository\nvaci.inf_amd64_7f41d5c2abbbcc03\nvwgf2umx.dll
0x00007ffff3ad0000 - 0x00007ffff3fdb000 	C:\WINDOWS\system32\nvapi64.dll
0x00007ffff3a20000 - 0x00007ffff3acd000 	C:\WINDOWS\SYSTEM32\mscms.dll
0x00007ffffb170000 - 0x00007ffffb198000 	C:\WINDOWS\SYSTEM32\USERENV.dll
0x00007ffff39f0000 - 0x00007ffff3a00000 	C:\WINDOWS\SYSTEM32\ColorAdapterClient.dll
0x00007fffea6c0000 - 0x00007fffea755000 	C:\WINDOWS\System32\TextInputFramework.dll
0x00007fffd3800000 - 0x00007fffd3859000 	C:\Users\bipbi\AppData\Local\Temp\lwjglromain\3.2.3-build-13\lwjgl_opengl.dll
0x00007ffff4670000 - 0x00007ffff485d000 	C:\WINDOWS\SYSTEM32\dbghelp.dll

VM Arguments:
jvm_args: -Dfile.encoding=UTF-8 
java_command: fr.bipbipgaming.main.Main
java_class_path (initial): C:\Users\bipbi\Desktop\jeu lwjgl\lwgjl-release-3.2.3\lwjgl.jar;C:\Users\bipbi\Desktop\jeu lwjgl\lwgjl-release-3.2.3\lwjgl-assimp.jar;C:\Users\bipbi\Desktop\jeu lwjgl\lwgjl-release-3.2.3\lwjgl-assimp-javadoc.jar;C:\Users\bipbi\Desktop\jeu lwjgl\lwgjl-release-3.2.3\lwjgl-assimp-natives-linux.jar;C:\Users\bipbi\Desktop\jeu lwjgl\lwgjl-release-3.2.3\lwjgl-assimp-natives-linux-arm32.jar;C:\Users\bipbi\Desktop\jeu lwjgl\lwgjl-release-3.2.3\lwjgl-assimp-natives-linux-arm64.jar;C:\Users\bipbi\Desktop\jeu lwjgl\lwgjl-release-3.2.3\lwjgl-assimp-natives-macos.jar;C:\Users\bipbi\Desktop\jeu lwjgl\lwgjl-release-3.2.3\lwjgl-assimp-natives-windows.jar;C:\Users\bipbi\Desktop\jeu lwjgl\lwgjl-release-3.2.3\lwjgl-assimp-natives-windows-x86.jar;C:\Users\bipbi\Desktop\jeu lwjgl\lwgjl-release-3.2.3\lwjgl-assimp-sources.jar;C:\Users\bipbi\Desktop\jeu lwjgl\lwgjl-release-3.2.3\lwjgl-bgfx.jar;C:\Users\bipbi\Desktop\jeu lwjgl\lwgjl-release-3.2.3\lwjgl-bgfx-javadoc.jar;C:\Users\bipbi\Desktop\jeu lwjgl\lwgjl-release-3.2.3\lwjgl-bgfx-natives-linux.jar;C:\Users\bipbi\Desktop\jeu lwjgl\lwgjl-release-3.2.3\lwjgl-bgfx-natives-linux-arm32.jar;C:\Users\bipbi\Desktop\jeu lwjgl\lwgjl-release-3.2.3\lwjgl-bgfx-natives-linux-arm64.jar;C:\Users\bipbi\Desktop\jeu lwjgl\lwgjl-release-3.2.3\lwjgl-bgfx-natives-macos.jar;C:\Users\bipbi\Desktop\jeu lwjgl\lwgjl-release-3.2.3\lwjgl-bgfx-natives-windows.jar;C:\Users\bipbi\Desktop\jeu lwjgl\lwgjl-release-3.2.3\lwjgl-bgfx-natives-windows-x86.jar;C:\Users\bipbi\Desktop\jeu lwjgl\lwgjl-release-3.2.3\lwjgl-bgfx-sources.jar;C:\Users\bipbi\Desktop\jeu lwjgl\lwgjl-release-3.2.3\lwjgl-cuda.jar;C:\Users\bipbi\Desktop\jeu lwjgl\lwgjl-release-3.2.3\lwjgl-cuda-javadoc.jar;C:\Users\bipbi\Desktop\jeu lwjgl\lwgjl-release-3.2.3\lwjgl-cuda-sources.jar;C:\Users\bipbi\Desktop\jeu lwjgl\lwgjl-release-3.2.3\lwjgl-egl.jar;C:\Users\bipbi\Desktop\jeu lwjgl\lwgjl-release-3.2.3\lwjgl-egl-javadoc.jar;C:\Users\bipbi\Desktop\jeu lwjgl\lwgjl-release-3.2.3\lwjgl-egl-s
Launcher Type: SUN_STANDARD

Environment Variables:
JAVA_HOME=C:\Users\bipbi\AppData\Local\Programs\AdoptOpenJDK\
PATH=C:/Program Files/Java/jre1.8.0_201/bin/server;C:/Program Files/Java/jre1.8.0_201/bin;C:/Program Files/Java/jre1.8.0_201/lib/amd64;C:\Program Files (x86)\Common Files\Oracle\Java\javapath;C:\Program Files (x86)\Intel\iCLS Client\;C:\Program Files\Intel\iCLS Client\;C:\Windows\system32;C:\Windows;C:\Windows\System32\Wbem;C:\Windows\System32\WindowsPowerShell\v1.0\;C:\Program Files (x86)\Intel\Intel(R) Management Engine Components\DAL;C:\Program Files\Intel\Intel(R) Management Engine Components\DAL;C:\Program Files (x86)\Intel\Intel(R) Management Engine Components\IPT;C:\Program Files\Intel\Intel(R) Management Engine Components\IPT;C:\Program Files (x86)\NVIDIA Corporation\PhysX\Common;C:\WINDOWS\system32;C:\WINDOWS;C:\WINDOWS\System32\Wbem;C:\WINDOWS\System32\WindowsPowerShell\v1.0\;C:\Program Files\PuTTY\;C:\WINDOWS\System32\OpenSSH\;C:\Program Files\NVIDIA Corporation\NVIDIA NvDLISR;C:\Program Files\Git\cmd;C:\Program Files\CMake\bin;C:\Users\bipbi\AppData\Local\Programs\AdoptOpenJDK\bin;C:\Users\bipbi\AppData\Local\Microsoft\WindowsApps;;C:\Users\bipbi\AppData\Local\Programs\Microsoft VS Code\bin;C:\Users\bipbi\Desktop\test crer un jeu java\eclipse;
USERNAME=romain
OS=Windows_NT
PROCESSOR_IDENTIFIER=Intel64 Family 6 Model 94 Stepping 3, GenuineIntel



---------------  S Y S T E M  ---------------

OS: Windows 10.0 , 64 bit Build 17763 (10.0.17763.475)

CPU:total 4 (initial active 4) (4 cores per cpu, 1 threads per core) family 6 model 94 stepping 3, cmov, cx8, fxsr, mmx, sse, sse2, sse3, ssse3, sse4.1, sse4.2, popcnt, avx, avx2, aes, clmul, erms, rtm, 3dnowpref, lzcnt, tsc, tscinvbit, bmi1, bmi2, adx

Memory: 4k page, physical 8243804k(2222108k free), swap 15511896k(4621756k free)

vm_info: Java HotSpot(TM) 64-Bit Server VM (25.201-b09) for windows-amd64 JRE (1.8.0_201-b09), built on Dec 15 2018 18:36:39 by "java_re" with MS VC++ 10.0 (VS2010)

time: Sat Nov 09 23:01:29 2019
timezone: Paris, Madrid
elapsed time: 2 seconds (0d 0h 0m 2s)

